生成启动时间为 2016/1/1 22:45:06。
     1>项目“C:\Users\mgl\Desktop\rtsp-3518e-ov9712\vs_server\mavlink\mavlink\mavlink.vcxproj”在节点 2 上(Build 个目标)。
     1>ClCompile:
         C:\Program Files (x86)\Microsoft Visual Studio 12.0\VC\bin\CL.exe /c /ZI /nologo /W3 /WX- /sdl /Od /Oy- /D _MBCS /Gm /EHsc /RTC1 /MDd /GS /fp:precise /Zc:wchar_t /Zc:forScope /Fo"Debug\\" /Fd"Debug\vc120.pdb" /Gd /TC /analyze- /errorReport:prompt Parser.c echo_selectserv_win.c
         echo_selectserv_win.c
     1>c:\users\mgl\desktop\rtsp-3518e-ov9712\vs_server\mavlink\mavlink\echo_selectserv_win.c(8): error C2085: “ErrorHandling”: 不在形参表中
     1>c:\users\mgl\desktop\rtsp-3518e-ov9712\vs_server\mavlink\mavlink\echo_selectserv_win.c(11): error C2085: “handleData”: 不在形参表中
     1>c:\users\mgl\desktop\rtsp-3518e-ov9712\vs_server\mavlink\mavlink\echo_selectserv_win.c(11): error C2143: 语法错误 : 缺少“;”(在“类型”的前面)
     1>c:\users\mgl\desktop\rtsp-3518e-ov9712\vs_server\mavlink\mavlink\echo_selectserv_win.c(12): error C2085: “main”: 不在形参表中
     1>c:\users\mgl\desktop\rtsp-3518e-ov9712\vs_server\mavlink\mavlink\echo_selectserv_win.c(12): error C2143: 语法错误 : 缺少“;”(在“{”的前面)
     1>c:\users\mgl\desktop\rtsp-3518e-ov9712\vs_server\mavlink\mavlink\echo_selectserv_win.c(23): error C2065: “argc”: 未声明的标识符
     1>c:\users\mgl\desktop\rtsp-3518e-ov9712\vs_server\mavlink\mavlink\echo_selectserv_win.c(24): error C2065: “argv”: 未声明的标识符
     1>c:\users\mgl\desktop\rtsp-3518e-ov9712\vs_server\mavlink\mavlink\echo_selectserv_win.c(24): error C2109: 下标要求数组或指针类型
     1>c:\users\mgl\desktop\rtsp-3518e-ov9712\vs_server\mavlink\mavlink\echo_selectserv_win.c(28): warning C4013: “ErrorHandling”未定义；假设外部返回 int
     1>c:\users\mgl\desktop\rtsp-3518e-ov9712\vs_server\mavlink\mavlink\echo_selectserv_win.c(34): error C2065: “argv”: 未声明的标识符
     1>c:\users\mgl\desktop\rtsp-3518e-ov9712\vs_server\mavlink\mavlink\echo_selectserv_win.c(34): error C2109: 下标要求数组或指针类型
     1>c:\users\mgl\desktop\rtsp-3518e-ov9712\vs_server\mavlink\mavlink\echo_selectserv_win.c(34): error C2198: “atoi”: 用于调用的参数太少
     1>c:\users\mgl\desktop\rtsp-3518e-ov9712\vs_server\mavlink\mavlink\echo_selectserv_win.c(56): warning C4018: “<”: 有符号/无符号不匹配
     1>c:\users\mgl\desktop\rtsp-3518e-ov9712\vs_server\mavlink\mavlink\echo_selectserv_win.c(79): warning C4013: “handleData”未定义；假设外部返回 int
     1>c:\users\mgl\desktop\rtsp-3518e-ov9712\vs_server\mavlink\mavlink\echo_selectserv_win.c(87): error C2440: “return”: 无法从“int”转换为“MAVLinkPacket”
     1>c:\users\mgl\desktop\rtsp-3518e-ov9712\vs_server\mavlink\mavlink\echo_selectserv_win.c(91): error C2371: “handleData”: 重定义；不同的基类型
     1>c:\users\mgl\desktop\rtsp-3518e-ov9712\vs_server\mavlink\mavlink\echo_selectserv_win.c(109): error C2371: “ErrorHandling”: 重定义；不同的基类型
         Parser.c
     1>c:\users\mgl\desktop\rtsp-3518e-ov9712\vs_server\mavlink\mavlink\parser.c(4): error C2143: 语法错误 : 缺少“{”(在“enum [tag]”的前面)
         正在生成代码...
     1>已完成生成项目“C:\Users\mgl\Desktop\rtsp-3518e-ov9712\vs_server\mavlink\mavlink\mavlink.vcxproj”(Build 个目标)的操作 - 失败。

生成失败。

已用时间 00:00:00.67
